[0.079s] Invoking command in '/home/ehsan/Documents/GitHub/Google_Summer_of_Code/ws_moveit2/build/moveit_common': CMAKE_PREFIX_PATH=/opt/ros/humble /home/ehsan/.local/bin/cmake /home/ehsan/Documents/GitHub/Google_Summer_of_Code/ws_moveit2/src/moveit2/moveit_common -DCMAKE_BUILD_TYPE=Release -DCMAKE_INSTALL_PREFIX=/home/ehsan/Documents/GitHub/Google_Summer_of_Code/ws_moveit2/install/moveit_common
[0.671s] -- Found ament_cmake: 1.3.3 (/opt/ros/humble/share/ament_cmake/cmake)
[0.673s] -- Configuring incomplete, errors occurred!
[0.673s] [31mCMake Error at CMakeLists.txt:7 (find_package):
[0.674s]   By not providing "Findament_lint_auto.cmake" in CMAKE_MODULE_PATH this
[0.674s]   project has asked CMake to find a package configuration file provided by
[0.674s]   "ament_lint_auto", but CMake did not find one.
[0.674s] 
[0.674s]   Could not find a package configuration file provided by "ament_lint_auto"
[0.675s]   with any of the following names:
[0.675s] 
[0.675s]     ament_lint_autoConfig.cmake
[0.675s]     ament_lint_auto-config.cmake
[0.675s] 
[0.675s]   Add the installation prefix of "ament_lint_auto" to CMAKE_PREFIX_PATH or
[0.676s]   set "ament_lint_auto_DIR" to a directory containing one of the above files.
[0.676s]   If "ament_lint_auto" provides a separate development package or SDK, be
[0.676s]   sure it has been installed.
[0.676s] 
[0.676s] [0m
[0.722s] Invoked command in '/home/ehsan/Documents/GitHub/Google_Summer_of_Code/ws_moveit2/build/moveit_common' returned '1': CMAKE_PREFIX_PATH=/opt/ros/humble /home/ehsan/.local/bin/cmake /home/ehsan/Documents/GitHub/Google_Summer_of_Code/ws_moveit2/src/moveit2/moveit_common -DCMAKE_BUILD_TYPE=Release -DCMAKE_INSTALL_PREFIX=/home/ehsan/Documents/GitHub/Google_Summer_of_Code/ws_moveit2/install/moveit_common
