[0.073s] Invoking command in '/home/ehsan/Documents/GitHub/Google_Summer_of_Code/ws_moveit2/build/srdfdom': CMAKE_PREFIX_PATH=/opt/ros/humble /home/ehsan/.local/bin/cmake /home/ehsan/Documents/GitHub/Google_Summer_of_Code/ws_moveit2/src/srdfdom -DCMAKE_BUILD_TYPE=Release -DCMAKE_INSTALL_PREFIX=/home/ehsan/Documents/GitHub/Google_Summer_of_Code/ws_moveit2/install/srdfdom
[0.660s] -- Found ament_cmake: 1.3.3 (/opt/ros/humble/share/ament_cmake/cmake)
[0.660s] -- Found urdf: 2.6.0 (/opt/ros/humble/share/urdf/cmake)
[0.660s] -- Found ament_cmake_gtest: 1.3.3 (/opt/ros/humble/share/ament_cmake_gtest/cmake)
[0.660s] -- Found ament_cmake_pytest: 1.3.3 (/opt/ros/humble/share/ament_cmake_pytest/cmake)
[1.479s] -- Found gtest sources under '/opt/ros/humble/src/gtest_vendor': C++ tests using 'Google Test' will be built
[1.510s] [31mCMake Error at CMakeLists.txt:84 (find_package):
[1.511s]   By not providing "Findament_lint_auto.cmake" in CMAKE_MODULE_PATH this
[1.511s]   project has asked CMake to find a package configuration file provided by
[1.511s]   "ament_lint_auto", but CMake did not find one.
[1.511s] 
[1.511s]   Could not find a package configuration file provided by "ament_lint_auto"
[1.511s]   with any of the following names:
[1.511s] 
[1.511s]     ament_lint_autoConfig.cmake
[1.511s]     ament_lint_auto-config.cmake
[1.511s] 
[1.512s]   Add the installation prefix of "ament_lint_auto" to CMAKE_PREFIX_PATH or
[1.512s]   set "ament_lint_auto_DIR" to a directory containing one of the above files.
[1.512s]   If "ament_lint_auto" provides a separate development package or SDK, be
[1.512s]   sure it has been installed.
[1.512s] 
[1.512s] [0m
[1.512s] -- Configuring incomplete, errors occurred!
