[0.571s] Invoking command in '/home/ehsan/Documents/GitHub/Google_Summer_of_Code/ws_moveit2/build/moveit_task_constructor_msgs': CMAKE_PREFIX_PATH=/opt/ros/humble /home/ehsan/.local/bin/cmake /home/ehsan/Documents/GitHub/Google_Summer_of_Code/ws_moveit2/src/moveit_task_constructor/msgs -DCMAKE_BUILD_TYPE=Release -DCMAKE_INSTALL_PREFIX=/home/ehsan/Documents/GitHub/Google_Summer_of_Code/ws_moveit2/install/moveit_task_constructor_msgs
[0.662s] -- Found ament_cmake: 1.3.3 (/opt/ros/humble/share/ament_cmake/cmake)
[0.935s] -- Found builtin_interfaces: 1.2.1 (/opt/ros/humble/share/builtin_interfaces/cmake)
[0.992s] -- Found rosidl_generator_c: 3.1.4 (/opt/ros/humble/share/rosidl_generator_c/cmake)
[0.998s] -- Found rosidl_adapter: 3.1.4 (/opt/ros/humble/share/rosidl_adapter/cmake)
[1.011s] -- Found rosidl_generator_cpp: 3.1.4 (/opt/ros/humble/share/rosidl_generator_cpp/cmake)
[1.036s] -- Using all available rosidl_typesupport_c: rosidl_typesupport_fastrtps_c;rosidl_typesupport_introspection_c
[1.072s] -- Using all available rosidl_typesupport_cpp: rosidl_typesupport_fastrtps_cpp;rosidl_typesupport_introspection_cpp
[1.106s] -- Found moveit_msgs: 2.2.1 (/opt/ros/humble/share/moveit_msgs/cmake)
[2.854s] [31mCMake Error at CMakeLists.txt:7 (find_package):
[2.854s]   By not providing "Findrosidl_default_generators.cmake" in CMAKE_MODULE_PATH
[2.854s]   this project has asked CMake to find a package configuration file provided
[2.854s]   by "rosidl_default_generators", but CMake did not find one.
[2.854s] 
[2.854s]   Could not find a package configuration file provided by
[2.854s]   "rosidl_default_generators" with any of the following names:
[2.855s] 
[2.855s]     rosidl_default_generatorsConfig.cmake
[2.855s]     rosidl_default_generators-config.cmake
[2.855s] 
[2.855s]   Add the installation prefix of "rosidl_default_generators" to
[2.855s]   CMAKE_PREFIX_PATH or set "rosidl_default_generators_DIR" to a directory
[2.855s]   containing one of the above files.  If "rosidl_default_generators" provides
[2.855s]   a separate development package or SDK, be sure it has been installed.
[2.855s] 
[2.855s] [0m
[2.855s] -- Configuring incomplete, errors occurred!
