-- The C compiler identification is GNU 11.3.0
-- The CXX compiler identification is GNU 11.3.0
-- Detecting C compiler ABI info
-- Detecting C compiler ABI info - done
-- Check for working C compiler: /usr/bin/cc - skipped
-- Detecting C compile features
-- Detecting C compile features - done
-- Detecting CXX compiler ABI info
-- Detecting CXX compiler ABI info - done
-- Check for working CXX compiler: /usr/bin/c++ - skipped
-- Detecting CXX compile features
-- Detecting CXX compile features - done
-- Found ament_cmake: 1.3.3 (/opt/ros/humble/share/ament_cmake/cmake)
-- Found Python3: /usr/bin/python3.10 (found version "3.10.6") found components: Interpreter 
-- Found builtin_interfaces: 1.2.1 (/opt/ros/humble/share/builtin_interfaces/cmake)
-- Found rosidl_generator_c: 3.1.4 (/opt/ros/humble/share/rosidl_generator_c/cmake)
-- Found rosidl_adapter: 3.1.4 (/opt/ros/humble/share/rosidl_adapter/cmake)
-- Found rosidl_generator_cpp: 3.1.4 (/opt/ros/humble/share/rosidl_generator_cpp/cmake)
-- Using all available rosidl_typesupport_c: rosidl_typesupport_fastrtps_c;rosidl_typesupport_introspection_c
-- Using all available rosidl_typesupport_cpp: rosidl_typesupport_fastrtps_cpp;rosidl_typesupport_introspection_cpp
-- Found moveit_msgs: 2.2.1 (/opt/ros/humble/share/moveit_msgs/cmake)
[31mCMake Error at CMakeLists.txt:7 (find_package):
  By not providing "Findrosidl_default_generators.cmake" in CMAKE_MODULE_PATH
  this project has asked CMake to find a package configuration file provided
  by "rosidl_default_generators", but CMake did not find one.

  Could not find a package configuration file provided by
  "rosidl_default_generators" with any of the following names:

    rosidl_default_generatorsConfig.cmake
    rosidl_default_generators-config.cmake

  Add the installation prefix of "rosidl_default_generators" to
  CMAKE_PREFIX_PATH or set "rosidl_default_generators_DIR" to a directory
  containing one of the above files.  If "rosidl_default_generators" provides
  a separate development package or SDK, be sure it has been installed.

[0m
-- Configuring incomplete, errors occurred!
