[0.684s] Invoking command in '/home/ehsan/Documents/GitHub/Google_Summer_of_Code/ws_moveit2/build/moveit_task_constructor_msgs': CMAKE_PREFIX_PATH=/opt/ros/humble /home/ehsan/.local/bin/cmake /home/ehsan/Documents/GitHub/Google_Summer_of_Code/ws_moveit2/src/moveit_task_constructor/msgs -DCMAKE_BUILD_TYPE=Release -DCMAKE_INSTALL_PREFIX=/home/ehsan/Documents/GitHub/Google_Summer_of_Code/ws_moveit2/install/moveit_task_constructor_msgs
[0.874s] -- The C compiler identification is GNU 11.3.0
[1.032s] -- The CXX compiler identification is GNU 11.3.0
[1.057s] -- Detecting C compiler ABI info
[1.187s] -- Detecting C compiler ABI info - done
[1.227s] -- Check for working C compiler: /usr/bin/cc - skipped
[1.228s] -- Detecting C compile features
[1.230s] -- Detecting C compile features - done
[1.241s] -- Detecting CXX compiler ABI info
[1.410s] -- Detecting CXX compiler ABI info - done
[1.453s] -- Check for working CXX compiler: /usr/bin/c++ - skipped
[1.454s] -- Detecting CXX compile features
[1.456s] -- Detecting CXX compile features - done
[1.462s] -- Found ament_cmake: 1.3.3 (/opt/ros/humble/share/ament_cmake/cmake)
[2.560s] -- Found Python3: /usr/bin/python3.10 (found version "3.10.6") found components: Interpreter 
[2.731s] -- Found builtin_interfaces: 1.2.1 (/opt/ros/humble/share/builtin_interfaces/cmake)
[2.856s] -- Found rosidl_generator_c: 3.1.4 (/opt/ros/humble/share/rosidl_generator_c/cmake)
[2.871s] -- Found rosidl_adapter: 3.1.4 (/opt/ros/humble/share/rosidl_adapter/cmake)
[2.896s] -- Found rosidl_generator_cpp: 3.1.4 (/opt/ros/humble/share/rosidl_generator_cpp/cmake)
[2.934s] -- Using all available rosidl_typesupport_c: rosidl_typesupport_fastrtps_c;rosidl_typesupport_introspection_c
[2.979s] -- Using all available rosidl_typesupport_cpp: rosidl_typesupport_fastrtps_cpp;rosidl_typesupport_introspection_cpp
[3.019s] -- Found moveit_msgs: 2.2.1 (/opt/ros/humble/share/moveit_msgs/cmake)
[4.886s] [31mCMake Error at CMakeLists.txt:7 (find_package):
[4.886s]   By not providing "Findrosidl_default_generators.cmake" in CMAKE_MODULE_PATH
[4.886s]   this project has asked CMake to find a package configuration file provided
[4.886s]   by "rosidl_default_generators", but CMake did not find one.
[4.886s] 
[4.886s]   Could not find a package configuration file provided by
[4.887s]   "rosidl_default_generators" with any of the following names:
[4.887s] 
[4.887s]     rosidl_default_generatorsConfig.cmake
[4.887s]     rosidl_default_generators-config.cmake
[4.887s] 
[4.887s]   Add the installation prefix of "rosidl_default_generators" to
[4.887s]   CMAKE_PREFIX_PATH or set "rosidl_default_generators_DIR" to a directory
[4.887s]   containing one of the above files.  If "rosidl_default_generators" provides
[4.887s]   a separate development package or SDK, be sure it has been installed.
[4.887s] 
[4.888s] [0m
[4.888s] -- Configuring incomplete, errors occurred!
