[0.070s] Invoking command in '/home/ehsan/Documents/GitHub/Google_Summer_of_Code/ws_moveit2/build/srdfdom': CMAKE_PREFIX_PATH=/opt/ros/humble /home/ehsan/.local/bin/cmake /home/ehsan/Documents/GitHub/Google_Summer_of_Code/ws_moveit2/src/srdfdom -DCMAKE_BUILD_TYPE=Release -DCMAKE_INSTALL_PREFIX=/home/ehsan/Documents/GitHub/Google_Summer_of_Code/ws_moveit2/install/srdfdom
[0.779s] -- The CXX compiler identification is GNU 11.3.0
[0.779s] -- Detecting CXX compiler ABI info
[0.779s] -- Detecting CXX compiler ABI info - done
[0.779s] -- Check for working CXX compiler: /usr/bin/c++ - skipped
[0.780s] -- Detecting CXX compile features
[0.780s] -- Detecting CXX compile features - done
[0.780s] -- Found Boost: /usr/lib/x86_64-linux-gnu/cmake/Boost-1.74.0/BoostConfig.cmake (found version "1.74.0")  
[0.781s] -- Found ament_cmake: 1.3.3 (/opt/ros/humble/share/ament_cmake/cmake)
[1.744s] -- Found Python3: /usr/bin/python3.10 (found version "3.10.6") found components: Interpreter 
[1.994s] -- Found urdf: 2.6.0 (/opt/ros/humble/share/urdf/cmake)
[2.174s] -- Found TinyXML2: /usr/lib/x86_64-linux-gnu/libtinyxml2.so  
[2.377s] -- Found ament_cmake_gtest: 1.3.3 (/opt/ros/humble/share/ament_cmake_gtest/cmake)
[2.384s] -- Found ament_cmake_pytest: 1.3.3 (/opt/ros/humble/share/ament_cmake_pytest/cmake)
[3.336s] -- Found gtest sources under '/opt/ros/humble/src/gtest_vendor': C++ tests using 'Google Test' will be built
[3.417s] -- The C compiler identification is GNU 11.3.0
[3.430s] -- Detecting C compiler ABI info
[3.522s] -- Detecting C compiler ABI info - done
[3.542s] -- Check for working C compiler: /usr/bin/cc - skipped
[3.543s] -- Detecting C compile features
[3.544s] -- Detecting C compile features - done
[3.548s] -- Performing Test CMAKE_HAVE_LIBC_PTHREAD
[3.679s] -- Performing Test CMAKE_HAVE_LIBC_PTHREAD - Success
[3.682s] -- Found Threads: TRUE  
[3.713s] [31mCMake Error at CMakeLists.txt:84 (find_package):
[3.713s]   By not providing "Findament_lint_auto.cmake" in CMAKE_MODULE_PATH this
[3.713s]   project has asked CMake to find a package configuration file provided by
[3.714s]   "ament_lint_auto", but CMake did not find one.
[3.714s] 
[3.714s]   Could not find a package configuration file provided by "ament_lint_auto"
[3.714s]   with any of the following names:
[3.714s] 
[3.714s]     ament_lint_autoConfig.cmake
[3.714s]     ament_lint_auto-config.cmake
[3.714s] 
[3.714s]   Add the installation prefix of "ament_lint_auto" to CMAKE_PREFIX_PATH or
[3.714s]   set "ament_lint_auto_DIR" to a directory containing one of the above files.
[3.714s]   If "ament_lint_auto" provides a separate development package or SDK, be
[3.715s]   sure it has been installed.
[3.715s] 
[3.715s] [0m
[3.715s] -- Configuring incomplete, errors occurred!
